{"/home/medina/programming/sideProjects/Source Code/redux-starter/src/math.js": {"path":"/home/medina/programming/sideProjects/Source Code/redux-starter/src/math.js","statementMap":{"0":{"start":{"line":1,"column":22},"end":{"line":1,"column":44}},"1":{"start":{"line":1,"column":32},"end":{"line":1,"column":44}}},"fnMap":{"0":{"name":"(anonymous_0)","decl":{"start":{"line":1,"column":22},"end":{"line":1,"column":23}},"loc":{"start":{"line":1,"column":32},"end":{"line":1,"column":44}},"line":1}},"branchMap":{},"s":{"0":1,"1":2},"f":{"0":2},"b":{},"_coverageSchema":"1a1c01bbd47fc00a2c39e90264f33305004495a9","hash":"78615c0574911328b5e2e3785958ea81ee748e94"}
,"/home/medina/programming/sideProjects/Source Code/redux-starter/src/store/api.js": {"path":"/home/medina/programming/sideProjects/Source Code/redux-starter/src/store/api.js","statementMap":{"0":{"start":{"line":3,"column":28},"end":{"line":3,"column":57}},"1":{"start":{"line":4,"column":30},"end":{"line":4,"column":61}},"2":{"start":{"line":5,"column":29},"end":{"line":5,"column":59}}},"fnMap":{},"branchMap":{},"s":{"0":1,"1":1,"2":1},"f":{},"b":{},"_coverageSchema":"1a1c01bbd47fc00a2c39e90264f33305004495a9","hash":"065a1300decf9f3a46df043674cd8a1378b549ec"}
,"/home/medina/programming/sideProjects/Source Code/redux-starter/src/store/bugs.js": {"path":"/home/medina/programming/sideProjects/Source Code/redux-starter/src/store/bugs.js","statementMap":{"0":{"start":{"line":7,"column":14},"end":{"line":47,"column":2}},"1":{"start":{"line":17,"column":12},"end":{"line":17,"column":43}},"2":{"start":{"line":22,"column":30},"end":{"line":22,"column":98}},"3":{"start":{"line":22,"column":59},"end":{"line":22,"column":94}},"4":{"start":{"line":23,"column":16},"end":{"line":23,"column":49}},"5":{"start":{"line":30,"column":26},"end":{"line":30,"column":94}},"6":{"start":{"line":30,"column":55},"end":{"line":30,"column":90}},"7":{"start":{"line":31,"column":12},"end":{"line":31,"column":60}},"8":{"start":{"line":34,"column":12},"end":{"line":34,"column":31}},"9":{"start":{"line":37,"column":12},"end":{"line":37,"column":31}},"10":{"start":{"line":40,"column":12},"end":{"line":40,"column":39}},"11":{"start":{"line":41,"column":12},"end":{"line":41,"column":33}},"12":{"start":{"line":42,"column":12},"end":{"line":42,"column":40}},"13":{"start":{"line":49,"column":96},"end":{"line":49,"column":109}},"14":{"start":{"line":53,"column":33},"end":{"line":56,"column":1}},"15":{"start":{"line":54,"column":13},"end":{"line":54,"column":32}},"16":{"start":{"line":55,"column":12},"end":{"line":55,"column":50}},"17":{"start":{"line":55,"column":36},"end":{"line":55,"column":49}},"18":{"start":{"line":58,"column":29},"end":{"line":61,"column":1}},"19":{"start":{"line":58,"column":39},"end":{"line":61,"column":1}},"20":{"start":{"line":59,"column":13},"end":{"line":59,"column":32}},"21":{"start":{"line":60,"column":12},"end":{"line":60,"column":58}},"22":{"start":{"line":60,"column":36},"end":{"line":60,"column":57}},"23":{"start":{"line":63,"column":12},"end":{"line":63,"column":19}},"24":{"start":{"line":65,"column":24},"end":{"line":79,"column":1}},"25":{"start":{"line":65,"column":30},"end":{"line":79,"column":1}},"26":{"start":{"line":66,"column":26},"end":{"line":66,"column":50}},"27":{"start":{"line":67,"column":26},"end":{"line":67,"column":63}},"28":{"start":{"line":69,"column":4},"end":{"line":69,"column":35}},"29":{"start":{"line":69,"column":28},"end":{"line":69,"column":35}},"30":{"start":{"line":70,"column":4},"end":{"line":77,"column":6}},"31":{"start":{"line":86,"column":22},"end":{"line":92,"column":2}},"32":{"start":{"line":86,"column":29},"end":{"line":92,"column":2}},"33":{"start":{"line":94,"column":31},"end":{"line":101,"column":1}},"34":{"start":{"line":94,"column":49},"end":{"line":101,"column":1}},"35":{"start":{"line":104,"column":27},"end":{"line":111,"column":1}},"36":{"start":{"line":104,"column":33},"end":{"line":111,"column":1}}},"fnMap":{"0":{"name":"(anonymous_0)","decl":{"start":{"line":16,"column":17},"end":{"line":16,"column":18}},"loc":{"start":{"line":16,"column":33},"end":{"line":19,"column":9}},"line":16},"1":{"name":"(anonymous_1)","decl":{"start":{"line":20,"column":20},"end":{"line":20,"column":21}},"loc":{"start":{"line":20,"column":35},"end":{"line":26,"column":9}},"line":20},"2":{"name":"(anonymous_2)","decl":{"start":{"line":22,"column":50},"end":{"line":22,"column":51}},"loc":{"start":{"line":22,"column":57},"end":{"line":22,"column":96}},"line":22},"3":{"name":"(anonymous_3)","decl":{"start":{"line":28,"column":20},"end":{"line":28,"column":21}},"loc":{"start":{"line":28,"column":35},"end":{"line":32,"column":9}},"line":28},"4":{"name":"(anonymous_4)","decl":{"start":{"line":30,"column":46},"end":{"line":30,"column":47}},"loc":{"start":{"line":30,"column":53},"end":{"line":30,"column":92}},"line":30},"5":{"name":"(anonymous_5)","decl":{"start":{"line":33,"column":22},"end":{"line":33,"column":23}},"loc":{"start":{"line":33,"column":37},"end":{"line":35,"column":9}},"line":33},"6":{"name":"(anonymous_6)","decl":{"start":{"line":36,"column":24},"end":{"line":36,"column":25}},"loc":{"start":{"line":36,"column":39},"end":{"line":38,"column":9}},"line":36},"7":{"name":"(anonymous_7)","decl":{"start":{"line":39,"column":21},"end":{"line":39,"column":22}},"loc":{"start":{"line":39,"column":36},"end":{"line":44,"column":9}},"line":39},"8":{"name":"(anonymous_8)","decl":{"start":{"line":54,"column":4},"end":{"line":54,"column":5}},"loc":{"start":{"line":54,"column":13},"end":{"line":54,"column":32}},"line":54},"9":{"name":"(anonymous_9)","decl":{"start":{"line":55,"column":4},"end":{"line":55,"column":5}},"loc":{"start":{"line":55,"column":12},"end":{"line":55,"column":50}},"line":55},"10":{"name":"(anonymous_10)","decl":{"start":{"line":55,"column":29},"end":{"line":55,"column":30}},"loc":{"start":{"line":55,"column":36},"end":{"line":55,"column":49}},"line":55},"11":{"name":"(anonymous_11)","decl":{"start":{"line":58,"column":29},"end":{"line":58,"column":30}},"loc":{"start":{"line":58,"column":39},"end":{"line":61,"column":1}},"line":58},"12":{"name":"(anonymous_12)","decl":{"start":{"line":59,"column":4},"end":{"line":59,"column":5}},"loc":{"start":{"line":59,"column":13},"end":{"line":59,"column":32}},"line":59},"13":{"name":"(anonymous_13)","decl":{"start":{"line":60,"column":4},"end":{"line":60,"column":5}},"loc":{"start":{"line":60,"column":12},"end":{"line":60,"column":58}},"line":60},"14":{"name":"(anonymous_14)","decl":{"start":{"line":60,"column":29},"end":{"line":60,"column":30}},"loc":{"start":{"line":60,"column":36},"end":{"line":60,"column":57}},"line":60},"15":{"name":"(anonymous_15)","decl":{"start":{"line":65,"column":24},"end":{"line":65,"column":25}},"loc":{"start":{"line":65,"column":30},"end":{"line":79,"column":1}},"line":65},"16":{"name":"(anonymous_16)","decl":{"start":{"line":65,"column":30},"end":{"line":65,"column":31}},"loc":{"start":{"line":65,"column":53},"end":{"line":79,"column":1}},"line":65},"17":{"name":"(anonymous_17)","decl":{"start":{"line":86,"column":22},"end":{"line":86,"column":23}},"loc":{"start":{"line":86,"column":29},"end":{"line":92,"column":2}},"line":86},"18":{"name":"(anonymous_18)","decl":{"start":{"line":94,"column":31},"end":{"line":94,"column":32}},"loc":{"start":{"line":94,"column":49},"end":{"line":101,"column":1}},"line":94},"19":{"name":"(anonymous_19)","decl":{"start":{"line":104,"column":27},"end":{"line":104,"column":28}},"loc":{"start":{"line":104,"column":33},"end":{"line":111,"column":1}},"line":104}},"branchMap":{"0":{"loc":{"start":{"line":69,"column":4},"end":{"line":69,"column":35}},"type":"if","locations":[{"start":{"line":69,"column":4},"end":{"line":69,"column":35}},{"start":{"line":69,"column":4},"end":{"line":69,"column":35}}],"line":69}},"s":{"0":1,"1":1,"2":0,"3":0,"4":0,"5":0,"6":0,"7":0,"8":0,"9":0,"10":0,"11":0,"12":0,"13":1,"14":1,"15":0,"16":0,"17":0,"18":1,"19":0,"20":0,"21":0,"22":0,"23":1,"24":1,"25":0,"26":0,"27":0,"28":0,"29":0,"30":0,"31":1,"32":9,"33":1,"34":0,"35":1,"36":0},"f":{"0":1,"1":0,"2":0,"3":0,"4":0,"5":0,"6":0,"7":0,"8":0,"9":0,"10":0,"11":0,"12":0,"13":0,"14":0,"15":0,"16":0,"17":9,"18":0,"19":0},"b":{"0":[0,0]},"_coverageSchema":"1a1c01bbd47fc00a2c39e90264f33305004495a9","hash":"a28592d9eddf5fa6aba700fb139fc08454d22806"}
,"/home/medina/programming/sideProjects/Source Code/redux-starter/src/store/configureStore.js": {"path":"/home/medina/programming/sideProjects/Source Code/redux-starter/src/store/configureStore.js","statementMap":{"0":{"start":{"line":9,"column":2},"end":{"line":17,"column":5}}},"fnMap":{"0":{"name":"(anonymous_0)","decl":{"start":{"line":7,"column":15},"end":{"line":7,"column":16}},"loc":{"start":{"line":7,"column":26},"end":{"line":19,"column":1}},"line":7}},"branchMap":{},"s":{"0":2},"f":{"0":2},"b":{},"_coverageSchema":"1a1c01bbd47fc00a2c39e90264f33305004495a9","hash":"f5d8ec6305b6900680606187b3c83a818bc2bc30"}
,"/home/medina/programming/sideProjects/Source Code/redux-starter/src/store/entities.js": {"path":"/home/medina/programming/sideProjects/Source Code/redux-starter/src/store/entities.js","statementMap":{},"fnMap":{},"branchMap":{},"s":{},"f":{},"b":{},"_coverageSchema":"1a1c01bbd47fc00a2c39e90264f33305004495a9","hash":"0572aa1a9d83dba6a7150d5dd41f6a110e227a38"}
,"/home/medina/programming/sideProjects/Source Code/redux-starter/src/store/projects.js": {"path":"/home/medina/programming/sideProjects/Source Code/redux-starter/src/store/projects.js","statementMap":{"0":{"start":{"line":3,"column":11},"end":{"line":3,"column":12}},"1":{"start":{"line":5,"column":14},"end":{"line":21,"column":2}},"2":{"start":{"line":10,"column":12},"end":{"line":13,"column":14}},"3":{"start":{"line":18,"column":12},"end":{"line":18,"column":100}},"4":{"start":{"line":18,"column":37},"end":{"line":18,"column":99}},"5":{"start":{"line":24,"column":43},"end":{"line":24,"column":56}}},"fnMap":{"0":{"name":"(anonymous_0)","decl":{"start":{"line":9,"column":19},"end":{"line":9,"column":20}},"loc":{"start":{"line":9,"column":38},"end":{"line":15,"column":9}},"line":9},"1":{"name":"(anonymous_1)","decl":{"start":{"line":17,"column":22},"end":{"line":17,"column":23}},"loc":{"start":{"line":17,"column":41},"end":{"line":19,"column":9}},"line":17},"2":{"name":"(anonymous_2)","decl":{"start":{"line":18,"column":28},"end":{"line":18,"column":29}},"loc":{"start":{"line":18,"column":37},"end":{"line":18,"column":99}},"line":18}},"branchMap":{"0":{"loc":{"start":{"line":18,"column":37},"end":{"line":18,"column":99}},"type":"cond-expr","locations":[{"start":{"line":18,"column":70},"end":{"line":18,"column":91}},{"start":{"line":18,"column":92},"end":{"line":18,"column":99}}],"line":18}},"s":{"0":1,"1":1,"2":0,"3":0,"4":0,"5":1},"f":{"0":0,"1":0,"2":0},"b":{"0":[0,0]},"_coverageSchema":"1a1c01bbd47fc00a2c39e90264f33305004495a9","hash":"c4f390d0168a828401384fa07208863c715f222a"}
,"/home/medina/programming/sideProjects/Source Code/redux-starter/src/store/reducer.js": {"path":"/home/medina/programming/sideProjects/Source Code/redux-starter/src/store/reducer.js","statementMap":{},"fnMap":{},"branchMap":{},"s":{},"f":{},"b":{},"_coverageSchema":"1a1c01bbd47fc00a2c39e90264f33305004495a9","hash":"92c5722783c8018818ea53f4f0f91881b642198a"}
,"/home/medina/programming/sideProjects/Source Code/redux-starter/src/store/users.js": {"path":"/home/medina/programming/sideProjects/Source Code/redux-starter/src/store/users.js","statementMap":{"0":{"start":{"line":4,"column":13},"end":{"line":4,"column":14}},"1":{"start":{"line":6,"column":14},"end":{"line":21,"column":2}},"2":{"start":{"line":11,"column":12},"end":{"line":11,"column":45}},"3":{"start":{"line":12,"column":12},"end":{"line":16,"column":14}},"4":{"start":{"line":25,"column":23},"end":{"line":25,"column":36}}},"fnMap":{"0":{"name":"(anonymous_0)","decl":{"start":{"line":10,"column":16},"end":{"line":10,"column":17}},"loc":{"start":{"line":10,"column":35},"end":{"line":17,"column":9}},"line":10}},"branchMap":{},"s":{"0":1,"1":1,"2":0,"3":0,"4":1},"f":{"0":0},"b":{},"_coverageSchema":"1a1c01bbd47fc00a2c39e90264f33305004495a9","hash":"a68359a24d357ae1d03a93ca207d3d79602fd815"}
,"/home/medina/programming/sideProjects/Source Code/redux-starter/src/store/middleware/api.js": {"path":"/home/medina/programming/sideProjects/Source Code/redux-starter/src/store/middleware/api.js","statementMap":{"0":{"start":{"line":5,"column":12},"end":{"line":39,"column":1}},"1":{"start":{"line":5,"column":37},"end":{"line":39,"column":1}},"2":{"start":{"line":5,"column":45},"end":{"line":39,"column":1}},"3":{"start":{"line":7,"column":4},"end":{"line":7,"column":71}},"4":{"start":{"line":7,"column":51},"end":{"line":7,"column":71}},"5":{"start":{"line":11,"column":61},"end":{"line":11,"column":75}},"6":{"start":{"line":13,"column":4},"end":{"line":13,"column":41}},"7":{"start":{"line":13,"column":16},"end":{"line":13,"column":41}},"8":{"start":{"line":14,"column":4},"end":{"line":14,"column":17}},"9":{"start":{"line":16,"column":4},"end":{"line":34,"column":5}},"10":{"start":{"line":17,"column":25},"end":{"line":22,"column":10}},"11":{"start":{"line":24,"column":8},"end":{"line":24,"column":56}},"12":{"start":{"line":27,"column":8},"end":{"line":27,"column":73}},"13":{"start":{"line":27,"column":22},"end":{"line":27,"column":73}},"14":{"start":{"line":31,"column":8},"end":{"line":31,"column":63}},"15":{"start":{"line":33,"column":8},"end":{"line":33,"column":45}},"16":{"start":{"line":33,"column":20},"end":{"line":33,"column":45}}},"fnMap":{"0":{"name":"(anonymous_0)","decl":{"start":{"line":5,"column":12},"end":{"line":5,"column":13}},"loc":{"start":{"line":5,"column":37},"end":{"line":39,"column":1}},"line":5},"1":{"name":"(anonymous_1)","decl":{"start":{"line":5,"column":37},"end":{"line":5,"column":38}},"loc":{"start":{"line":5,"column":45},"end":{"line":39,"column":1}},"line":5},"2":{"name":"(anonymous_2)","decl":{"start":{"line":5,"column":45},"end":{"line":5,"column":46}},"loc":{"start":{"line":5,"column":61},"end":{"line":39,"column":1}},"line":5}},"branchMap":{"0":{"loc":{"start":{"line":7,"column":4},"end":{"line":7,"column":71}},"type":"if","locations":[{"start":{"line":7,"column":4},"end":{"line":7,"column":71}},{"start":{"line":7,"column":4},"end":{"line":7,"column":71}}],"line":7},"1":{"loc":{"start":{"line":13,"column":4},"end":{"line":13,"column":41}},"type":"if","locations":[{"start":{"line":13,"column":4},"end":{"line":13,"column":41}},{"start":{"line":13,"column":4},"end":{"line":13,"column":41}}],"line":13},"2":{"loc":{"start":{"line":27,"column":8},"end":{"line":27,"column":73}},"type":"if","locations":[{"start":{"line":27,"column":8},"end":{"line":27,"column":73}},{"start":{"line":27,"column":8},"end":{"line":27,"column":73}}],"line":27},"3":{"loc":{"start":{"line":33,"column":8},"end":{"line":33,"column":45}},"type":"if","locations":[{"start":{"line":33,"column":8},"end":{"line":33,"column":45}},{"start":{"line":33,"column":8},"end":{"line":33,"column":45}}],"line":33}},"s":{"0":1,"1":2,"2":2,"3":19,"4":10,"5":9,"6":9,"7":0,"8":9,"9":9,"10":9,"11":1,"12":1,"13":1,"14":8,"15":8,"16":0},"f":{"0":2,"1":2,"2":19},"b":{"0":[10,9],"1":[0,9],"2":[1,0],"3":[0,8]},"_coverageSchema":"1a1c01bbd47fc00a2c39e90264f33305004495a9","hash":"93f2e802ba910edcb2d0391b3a2764ec3767bcd3"}
,"/home/medina/programming/sideProjects/Source Code/redux-starter/src/store/middleware/logger.js": {"path":"/home/medina/programming/sideProjects/Source Code/redux-starter/src/store/middleware/logger.js","statementMap":{"0":{"start":{"line":1,"column":15},"end":{"line":13,"column":1}},"1":{"start":{"line":1,"column":24},"end":{"line":13,"column":1}},"2":{"start":{"line":1,"column":49},"end":{"line":13,"column":1}},"3":{"start":{"line":1,"column":57},"end":{"line":13,"column":1}},"4":{"start":{"line":2,"column":4},"end":{"line":8,"column":5}},"5":{"start":{"line":3,"column":8},"end":{"line":3,"column":28}},"6":{"start":{"line":7,"column":8},"end":{"line":7,"column":21}}},"fnMap":{"0":{"name":"(anonymous_0)","decl":{"start":{"line":1,"column":15},"end":{"line":1,"column":16}},"loc":{"start":{"line":1,"column":24},"end":{"line":13,"column":1}},"line":1},"1":{"name":"(anonymous_1)","decl":{"start":{"line":1,"column":24},"end":{"line":1,"column":25}},"loc":{"start":{"line":1,"column":49},"end":{"line":13,"column":1}},"line":1},"2":{"name":"(anonymous_2)","decl":{"start":{"line":1,"column":49},"end":{"line":1,"column":50}},"loc":{"start":{"line":1,"column":57},"end":{"line":13,"column":1}},"line":1},"3":{"name":"(anonymous_3)","decl":{"start":{"line":1,"column":57},"end":{"line":1,"column":58}},"loc":{"start":{"line":1,"column":66},"end":{"line":13,"column":1}},"line":1}},"branchMap":{"0":{"loc":{"start":{"line":2,"column":4},"end":{"line":8,"column":5}},"type":"if","locations":[{"start":{"line":2,"column":4},"end":{"line":8,"column":5}},{"start":{"line":2,"column":4},"end":{"line":8,"column":5}}],"line":2}},"s":{"0":1,"1":2,"2":2,"3":2,"4":19,"5":19,"6":0},"f":{"0":2,"1":2,"2":2,"3":19},"b":{"0":[19,0]},"_coverageSchema":"1a1c01bbd47fc00a2c39e90264f33305004495a9","hash":"6c655d125f939bdd173910d79c97136e5b6acff6"}
,"/home/medina/programming/sideProjects/Source Code/redux-starter/src/store/middleware/toast.js": {"path":"/home/medina/programming/sideProjects/Source Code/redux-starter/src/store/middleware/toast.js","statementMap":{"0":{"start":{"line":1,"column":14},"end":{"line":10,"column":1}},"1":{"start":{"line":1,"column":23},"end":{"line":10,"column":1}},"2":{"start":{"line":1,"column":32},"end":{"line":10,"column":1}},"3":{"start":{"line":1,"column":40},"end":{"line":10,"column":1}},"4":{"start":{"line":2,"column":4},"end":{"line":9,"column":5}},"5":{"start":{"line":3,"column":8},"end":{"line":3,"column":27}},"6":{"start":{"line":8,"column":8},"end":{"line":8,"column":28}}},"fnMap":{"0":{"name":"(anonymous_0)","decl":{"start":{"line":1,"column":14},"end":{"line":1,"column":15}},"loc":{"start":{"line":1,"column":23},"end":{"line":10,"column":1}},"line":1},"1":{"name":"(anonymous_1)","decl":{"start":{"line":1,"column":23},"end":{"line":1,"column":24}},"loc":{"start":{"line":1,"column":32},"end":{"line":10,"column":1}},"line":1},"2":{"name":"(anonymous_2)","decl":{"start":{"line":1,"column":32},"end":{"line":1,"column":33}},"loc":{"start":{"line":1,"column":40},"end":{"line":10,"column":1}},"line":1},"3":{"name":"(anonymous_3)","decl":{"start":{"line":1,"column":40},"end":{"line":1,"column":41}},"loc":{"start":{"line":1,"column":50},"end":{"line":10,"column":1}},"line":1}},"branchMap":{"0":{"loc":{"start":{"line":2,"column":4},"end":{"line":9,"column":5}},"type":"if","locations":[{"start":{"line":2,"column":4},"end":{"line":9,"column":5}},{"start":{"line":2,"column":4},"end":{"line":9,"column":5}}],"line":2}},"s":{"0":1,"1":2,"2":2,"3":2,"4":19,"5":0,"6":19},"f":{"0":2,"1":2,"2":2,"3":19},"b":{"0":[0,19]},"_coverageSchema":"1a1c01bbd47fc00a2c39e90264f33305004495a9","hash":"9eb80dd45625860485b26da040a789a46e733e3d"}
}
